<?xml version="1.0" encoding="UTF-8"?>
<testsuite name="com.jojoldu.book.springboot.web.IndexControllerTest" tests="1" skipped="0" failures="0" errors="0" timestamp="2020-01-19T10:17:31" hostname="odongjin-ui-MacBook-Pro.local" time="0.418">
  <properties/>
  <testcase name="메인페이지_로딩" classname="com.jojoldu.book.springboot.web.IndexControllerTest" time="0.418"/>
  <system-out><![CDATA[2020-01-19 19:17:23.161  INFO 47695 --- [    Test worker] .b.t.c.SpringBootTestContextBootstrapper : Neither @ContextConfiguration nor @ContextHierarchy found for test class [com.jojoldu.book.springboot.web.IndexControllerTest], using SpringBootContextLoader
2020-01-19 19:17:23.162  INFO 47695 --- [    Test worker] o.s.t.c.support.AbstractContextLoader    : Could not detect default resource locations for test class [com.jojoldu.book.springboot.web.IndexControllerTest]: no resource found for suffixes {-context.xml, Context.groovy}.
2020-01-19 19:17:23.162  INFO 47695 --- [    Test worker] t.c.s.AnnotationConfigContextLoaderUtils : Could not detect default configuration classes for test class [com.jojoldu.book.springboot.web.IndexControllerTest]: IndexControllerTest does not declare any static, non-private, non-final, nested classes annotated with @Configuration.
2020-01-19 19:17:23.165  INFO 47695 --- [    Test worker] .b.t.c.SpringBootTestContextBootstrapper : Found @SpringBootConfiguration com.jojoldu.book.springboot.Application for test class com.jojoldu.book.springboot.web.IndexControllerTest
2020-01-19 19:17:23.168  INFO 47695 --- [    Test worker] .b.t.c.SpringBootTestContextBootstrapper : Loaded default TestExecutionListener class names from location [META-INF/spring.factories]: [org.springframework.security.test.context.support.WithSecurityContextTestExecutionListener, org.springframework.security.test.context.support.ReactorContextTestExecutionListener, org.springframework.boot.test.autoconfigure.restdocs.RestDocsTestExecutionListener, org.springframework.boot.test.autoconfigure.web.client.MockRestServiceServerResetTestExecutionListener, org.springframework.boot.test.autoconfigure.web.servlet.MockMvcPrintOnlyOnFailureTestExecutionListener, org.springframework.boot.test.autoconfigure.web.servlet.WebDriverTestExecutionListener, org.springframework.boot.test.mock.mockito.MockitoTestExecutionListener, org.springframework.boot.test.mock.mockito.ResetMocksTestExecutionListener, org.springframework.test.context.web.ServletTestExecutionListener, org.springframework.test.context.support.DirtiesContextBeforeModesTestExecutionListener, org.springframework.test.context.support.DependencyInjectionTestExecutionListener, org.springframework.test.context.support.DirtiesContextTestExecutionListener, org.springframework.test.context.transaction.TransactionalTestExecutionListener, org.springframework.test.context.jdbc.SqlScriptsTestExecutionListener]
2020-01-19 19:17:23.169  INFO 47695 --- [    Test worker] .b.t.c.SpringBootTestContextBootstrapper : Using TestExecutionListeners: [org.springframework.test.context.web.ServletTestExecutionListener@6283d5c1, org.springframework.test.context.support.DirtiesContextBeforeModesTestExecutionListener@108b4330, org.springframework.boot.test.mock.mockito.MockitoTestExecutionListener@2316057, org.springframework.boot.test.autoconfigure.SpringBootDependencyInjectionTestExecutionListener@5f8970f3, org.springframework.test.context.support.DirtiesContextTestExecutionListener@23d88b1e, org.springframework.test.context.transaction.TransactionalTestExecutionListener@6980de96, org.springframework.test.context.jdbc.SqlScriptsTestExecutionListener@603a2829, org.springframework.security.test.context.support.WithSecurityContextTestExecutionListener@7420c235, org.springframework.security.test.context.support.ReactorContextTestExecutionListener@134737d4, org.springframework.boot.test.autoconfigure.restdocs.RestDocsTestExecutionListener@7cdc3f44, org.springframework.boot.test.autoconfigure.web.client.MockRestServiceServerResetTestExecutionListener@4d162b96, org.springframework.boot.test.autoconfigure.web.servlet.MockMvcPrintOnlyOnFailureTestExecutionListener@3f55696b, org.springframework.boot.test.autoconfigure.web.servlet.WebDriverTestExecutionListener@150610c2, org.springframework.boot.test.mock.mockito.ResetMocksTestExecutionListener@8bd2b39]

  .   ____          _            __ _ _
 /\\ / ___'_ __ _ _(_)_ __  __ _ \ \ \ \
( ( )\___ | '_ | '_| | '_ \/ _` | \ \ \ \
 \\/  ___)| |_)| | | | | || (_| |  ) ) ) )
  '  |____| .__|_| |_|_| |_\__, | / / / /
 =========|_|==============|___/=/_/_/_/
 :: Spring Boot ::        (v2.1.9.RELEASE)

2020-01-19 19:17:23.204  INFO 47695 --- [    Test worker] c.j.b.s.web.IndexControllerTest          : Starting IndexControllerTest on odongjin-ui-MBP with PID 47695 (started by odongjin in /Users/odongjin/webservice/freelec-springboot2-webservice)
2020-01-19 19:17:23.205  INFO 47695 --- [    Test worker] c.j.b.s.web.IndexControllerTest          : No active profile set, falling back to default profiles: default
2020-01-19 19:17:23.800  INFO 47695 --- [    Test worker] .s.d.r.c.RepositoryConfigurationDelegate : Bootstrapping Spring Data repositories in DEFAULT mode.
2020-01-19 19:17:23.915  INFO 47695 --- [    Test worker] .s.d.r.c.RepositoryConfigurationDelegate : Finished Spring Data repository scanning in 102ms. Found 2 repository interfaces.
2020-01-19 19:17:24.395  INFO 47695 --- [    Test worker] trationDelegate$BeanPostProcessorChecker : Bean 'org.springframework.transaction.annotation.ProxyTransactionManagementConfiguration' of type [org.springframework.transaction.annotation.ProxyTransactionManagementConfiguration$$EnhancerBySpringCGLIB$$2232dc4] is not eligible for getting processed by all BeanPostProcessors (for example: not eligible for auto-proxying)
2020-01-19 19:17:24.951  INFO 47695 --- [    Test worker] o.s.b.w.embedded.tomcat.TomcatWebServer  : Tomcat initialized with port(s): 0 (http)
2020-01-19 19:17:25.021  INFO 47695 --- [    Test worker] o.apache.catalina.core.StandardService   : Starting service [Tomcat]
2020-01-19 19:17:25.022  INFO 47695 --- [    Test worker] org.apache.catalina.core.StandardEngine  : Starting Servlet engine: [Apache Tomcat/9.0.26]
2020-01-19 19:17:25.286  INFO 47695 --- [    Test worker] o.a.c.c.C.[Tomcat].[localhost].[/]       : Initializing Spring embedded WebApplicationContext
2020-01-19 19:17:25.287  INFO 47695 --- [    Test worker] o.s.web.context.ContextLoader            : Root WebApplicationContext: initialization completed in 2078 ms
2020-01-19 19:17:25.780  INFO 47695 --- [    Test worker] com.zaxxer.hikari.HikariDataSource       : HikariPool-1 - Starting...
2020-01-19 19:17:26.101  INFO 47695 --- [    Test worker] com.zaxxer.hikari.HikariDataSource       : HikariPool-1 - Start completed.
2020-01-19 19:17:26.270  INFO 47695 --- [    Test worker] o.hibernate.jpa.internal.util.LogHelper  : HHH000204: Processing PersistenceUnitInfo [
	name: default
	...]
2020-01-19 19:17:26.397  INFO 47695 --- [    Test worker] org.hibernate.Version                    : HHH000412: Hibernate Core {5.3.12.Final}
2020-01-19 19:17:26.401  INFO 47695 --- [    Test worker] org.hibernate.cfg.Environment            : HHH000206: hibernate.properties not found
2020-01-19 19:17:26.503  INFO 47695 --- [    Test worker] o.hibernate.annotations.common.Version   : HCANN000001: Hibernate Commons Annotations {5.0.4.Final}
2020-01-19 19:17:26.785  INFO 47695 --- [    Test worker] org.hibernate.dialect.Dialect            : HHH000400: Using dialect: org.hibernate.dialect.MySQL5InnoDBDialect
Hibernate: drop table if exists posts
Hibernate: drop table if exists user
Hibernate: create table posts (id bigint not null auto_increment, created_date datetime, modified_date datetime, author varchar(255), content TEXT not null, title varchar(500) not null, primary key (id)) engine=InnoDB
Hibernate: create table user (id bigint not null auto_increment, created_date datetime, modified_date datetime, email varchar(255) not null, name varchar(255) not null, picture varchar(255), role varchar(255) not null, primary key (id)) engine=InnoDB
2020-01-19 19:17:28.420  INFO 47695 --- [    Test worker] o.h.t.schema.internal.SchemaCreatorImpl  : HHH000476: Executing import script 'org.hibernate.tool.schema.internal.exec.ScriptSourceInputNonExistentImpl@483555c6'
2020-01-19 19:17:28.425  INFO 47695 --- [    Test worker] j.LocalContainerEntityManagerFactoryBean : Initialized JPA EntityManagerFactory for persistence unit 'default'
2020-01-19 19:17:29.704  INFO 47695 --- [    Test worker] o.h.h.i.QueryTranslatorFactoryInitiator  : HHH000397: Using ASTQueryTranslatorFactory
2020-01-19 19:17:30.262  INFO 47695 --- [    Test worker] o.s.s.web.DefaultSecurityFilterChain     : Creating filter chain: any request, [org.springframework.security.web.context.request.async.WebAsyncManagerIntegrationFilter@94167b0, org.springframework.security.web.context.SecurityContextPersistenceFilter@486087ff, org.springframework.security.web.header.HeaderWriterFilter@5722a08d, org.springframework.security.web.authentication.logout.LogoutFilter@78e0c456, org.springframework.security.oauth2.client.web.OAuth2AuthorizationRequestRedirectFilter@e6143d3, org.springframework.security.oauth2.client.web.OAuth2LoginAuthenticationFilter@50dde1e4, org.springframework.security.web.authentication.ui.DefaultLoginPageGeneratingFilter@3473e258, org.springframework.security.web.authentication.ui.DefaultLogoutPageGeneratingFilter@345670fe, org.springframework.security.web.savedrequest.RequestCacheAwareFilter@3d187521, org.springframework.security.web.servletapi.SecurityContextHolderAwareRequestFilter@7ffc9cc7, org.springframework.security.web.authentication.AnonymousAuthenticationFilter@b3b7551, org.springframework.security.web.session.SessionManagementFilter@3b2e0d45, org.springframework.security.web.access.ExceptionTranslationFilter@33b8c6b4, org.springframework.security.web.access.intercept.FilterSecurityInterceptor@57115a3c]
2020-01-19 19:17:30.678  INFO 47695 --- [    Test worker] o.s.s.concurrent.ThreadPoolTaskExecutor  : Initializing ExecutorService 'applicationTaskExecutor'
2020-01-19 19:17:30.717  WARN 47695 --- [    Test worker] aWebConfiguration$JpaWebMvcConfiguration : spring.jpa.open-in-view is enabled by default. Therefore, database queries may be performed during view rendering. Explicitly configure spring.jpa.open-in-view to disable this warning
2020-01-19 19:17:30.792  INFO 47695 --- [    Test worker] o.s.b.a.w.s.WelcomePageHandlerMapping    : Adding welcome page template: index
2020-01-19 19:17:31.368  INFO 47695 --- [    Test worker] s.a.ScheduledAnnotationBeanPostProcessor : No TaskScheduler/ScheduledExecutorService bean found for scheduled processing
2020-01-19 19:17:31.413  INFO 47695 --- [    Test worker] o.s.b.w.embedded.tomcat.TomcatWebServer  : Tomcat started on port(s): 59105 (http) with context path ''
2020-01-19 19:17:31.415  INFO 47695 --- [    Test worker] c.j.b.s.web.IndexControllerTest          : Started IndexControllerTest in 8.244 seconds (JVM running for 14.235)
2020-01-19 19:17:31.585  INFO 47695 --- [o-auto-1-exec-1] o.a.c.c.C.[Tomcat].[localhost].[/]       : Initializing Spring DispatcherServlet 'dispatcherServlet'
2020-01-19 19:17:31.585  INFO 47695 --- [o-auto-1-exec-1] o.s.web.servlet.DispatcherServlet        : Initializing Servlet 'dispatcherServlet'
2020-01-19 19:17:31.638  INFO 47695 --- [o-auto-1-exec-1] o.s.web.servlet.DispatcherServlet        : Completed initialization in 53 ms
Hibernate: select posts0_.id as id1_0_, posts0_.created_date as created_2_0_, posts0_.modified_date as modified3_0_, posts0_.author as author4_0_, posts0_.content as content5_0_, posts0_.title as title6_0_ from posts posts0_ order by posts0_.id DESC
]]></system-out>
  <system-err><![CDATA[]]></system-err>
</testsuite>
