<?xml version="1.0" encoding="UTF-8"?>
<testsuite name="com.jojoldu.book.springboot.web.ProfileControllerTest" tests="1" skipped="0" failures="0" errors="0" timestamp="2020-01-31T02:57:23" hostname="odongjin-ui-MacBook-Pro.local" time="0.58">
  <properties/>
  <testcase name="profile은_인증없이_호출된다" classname="com.jojoldu.book.springboot.web.ProfileControllerTest" time="0.58"/>
  <system-out><![CDATA[11:57:10.561 [Test worker] DEBUG org.springframework.test.context.junit4.SpringJUnit4ClassRunner - SpringJUnit4ClassRunner constructor called with [class com.jojoldu.book.springboot.web.ProfileControllerTest]
11:57:10.575 [Test worker] DEBUG org.springframework.test.context.BootstrapUtils - Instantiating CacheAwareContextLoaderDelegate from class [org.springframework.test.context.cache.DefaultCacheAwareContextLoaderDelegate]
11:57:10.594 [Test worker] DEBUG org.springframework.test.context.BootstrapUtils - Instantiating BootstrapContext using constructor [public org.springframework.test.context.support.DefaultBootstrapContext(java.lang.Class,org.springframework.test.context.CacheAwareContextLoaderDelegate)]
11:57:10.629 [Test worker] DEBUG org.springframework.test.context.BootstrapUtils - Instantiating TestContextBootstrapper for test class [com.jojoldu.book.springboot.web.ProfileControllerTest] from class [org.springframework.boot.test.context.SpringBootTestContextBootstrapper]
11:57:10.665 [Test worker] INFO org.springframework.boot.test.context.SpringBootTestContextBootstrapper - Neither @ContextConfiguration nor @ContextHierarchy found for test class [com.jojoldu.book.springboot.web.ProfileControllerTest], using SpringBootContextLoader
11:57:10.671 [Test worker] DEBUG org.springframework.test.context.support.AbstractContextLoader - Did not detect default resource location for test class [com.jojoldu.book.springboot.web.ProfileControllerTest]: class path resource [com/jojoldu/book/springboot/web/ProfileControllerTest-context.xml] does not exist
11:57:10.672 [Test worker] DEBUG org.springframework.test.context.support.AbstractContextLoader - Did not detect default resource location for test class [com.jojoldu.book.springboot.web.ProfileControllerTest]: class path resource [com/jojoldu/book/springboot/web/ProfileControllerTestContext.groovy] does not exist
11:57:10.673 [Test worker] INFO org.springframework.test.context.support.AbstractContextLoader - Could not detect default resource locations for test class [com.jojoldu.book.springboot.web.ProfileControllerTest]: no resource found for suffixes {-context.xml, Context.groovy}.
11:57:10.674 [Test worker] INFO org.springframework.test.context.support.AnnotationConfigContextLoaderUtils - Could not detect default configuration classes for test class [com.jojoldu.book.springboot.web.ProfileControllerTest]: ProfileControllerTest does not declare any static, non-private, non-final, nested classes annotated with @Configuration.
11:57:10.759 [Test worker] DEBUG org.springframework.test.context.support.ActiveProfilesUtils - Could not find an 'annotation declaring class' for annotation type [org.springframework.test.context.ActiveProfiles] and class [com.jojoldu.book.springboot.web.ProfileControllerTest]
11:57:10.947 [Test worker] DEBUG org.springframework.context.annotation.ClassPathScanningCandidateComponentProvider - Identified candidate component class: file [/Users/odongjin/webservice/freelec-springboot2-webservice/build/classes/java/main/com/jojoldu/book/springboot/Application.class]
11:57:10.950 [Test worker] INFO org.springframework.boot.test.context.SpringBootTestContextBootstrapper - Found @SpringBootConfiguration com.jojoldu.book.springboot.Application for test class com.jojoldu.book.springboot.web.ProfileControllerTest
11:57:11.138 [Test worker] DEBUG org.springframework.boot.test.context.SpringBootTestContextBootstrapper - @TestExecutionListeners is not present for class [com.jojoldu.book.springboot.web.ProfileControllerTest]: using defaults.
11:57:11.139 [Test worker] INFO org.springframework.boot.test.context.SpringBootTestContextBootstrapper - Loaded default TestExecutionListener class names from location [META-INF/spring.factories]: [org.springframework.security.test.context.support.WithSecurityContextTestExecutionListener, org.springframework.security.test.context.support.ReactorContextTestExecutionListener, org.springframework.boot.test.autoconfigure.restdocs.RestDocsTestExecutionListener, org.springframework.boot.test.autoconfigure.web.client.MockRestServiceServerResetTestExecutionListener, org.springframework.boot.test.autoconfigure.web.servlet.MockMvcPrintOnlyOnFailureTestExecutionListener, org.springframework.boot.test.autoconfigure.web.servlet.WebDriverTestExecutionListener, org.springframework.boot.test.mock.mockito.MockitoTestExecutionListener, org.springframework.boot.test.mock.mockito.ResetMocksTestExecutionListener, org.springframework.test.context.web.ServletTestExecutionListener, org.springframework.test.context.support.DirtiesContextBeforeModesTestExecutionListener, org.springframework.test.context.support.DependencyInjectionTestExecutionListener, org.springframework.test.context.support.DirtiesContextTestExecutionListener, org.springframework.test.context.transaction.TransactionalTestExecutionListener, org.springframework.test.context.jdbc.SqlScriptsTestExecutionListener]
11:57:11.180 [Test worker] INFO org.springframework.boot.test.context.SpringBootTestContextBootstrapper - Using TestExecutionListeners: [org.springframework.test.context.web.ServletTestExecutionListener@6bb110d0, org.springframework.test.context.support.DirtiesContextBeforeModesTestExecutionListener@679a5f4d, org.springframework.boot.test.mock.mockito.MockitoTestExecutionListener@3e0ff537, org.springframework.boot.test.autoconfigure.SpringBootDependencyInjectionTestExecutionListener@72bbae8e, org.springframework.test.context.support.DirtiesContextTestExecutionListener@116f1799, org.springframework.test.context.transaction.TransactionalTestExecutionListener@243a42ce, org.springframework.test.context.jdbc.SqlScriptsTestExecutionListener@655dad33, org.springframework.security.test.context.support.WithSecurityContextTestExecutionListener@4abda0c8, org.springframework.security.test.context.support.ReactorContextTestExecutionListener@2307b5d9, org.springframework.boot.test.autoconfigure.restdocs.RestDocsTestExecutionListener@55ddbf45, org.springframework.boot.test.autoconfigure.web.client.MockRestServiceServerResetTestExecutionListener@5de1b4f8, org.springframework.boot.test.autoconfigure.web.servlet.MockMvcPrintOnlyOnFailureTestExecutionListener@7a7de46c, org.springframework.boot.test.autoconfigure.web.servlet.WebDriverTestExecutionListener@644a3f87, org.springframework.boot.test.mock.mockito.ResetMocksTestExecutionListener@5cd593dc]
11:57:11.189 [Test worker] DEBUG org.springframework.test.annotation.ProfileValueUtils - Retrieved @ProfileValueSourceConfiguration [null] for test class [com.jojoldu.book.springboot.web.ProfileControllerTest]
11:57:11.190 [Test worker] DEBUG org.springframework.test.annotation.ProfileValueUtils - Retrieved ProfileValueSource type [class org.springframework.test.annotation.SystemProfileValueSource] for class [com.jojoldu.book.springboot.web.ProfileControllerTest]
11:57:11.197 [Test worker] DEBUG org.springframework.test.annotation.ProfileValueUtils - Retrieved @ProfileValueSourceConfiguration [null] for test class [com.jojoldu.book.springboot.web.ProfileControllerTest]
11:57:11.198 [Test worker] DEBUG org.springframework.test.annotation.ProfileValueUtils - Retrieved ProfileValueSource type [class org.springframework.test.annotation.SystemProfileValueSource] for class [com.jojoldu.book.springboot.web.ProfileControllerTest]
11:57:11.199 [Test worker] DEBUG org.springframework.test.annotation.ProfileValueUtils - Retrieved @ProfileValueSourceConfiguration [null] for test class [com.jojoldu.book.springboot.web.ProfileControllerTest]
11:57:11.199 [Test worker] DEBUG org.springframework.test.annotation.ProfileValueUtils - Retrieved ProfileValueSource type [class org.springframework.test.annotation.SystemProfileValueSource] for class [com.jojoldu.book.springboot.web.ProfileControllerTest]
11:57:11.207 [Test worker] DEBUG org.springframework.test.context.support.AbstractDirtiesContextTestExecutionListener - Before test class: context [DefaultTestContext@46a283c0 testClass = ProfileControllerTest, testInstance = [null], testMethod = [null], testException = [null], mergedContextConfiguration = [WebMergedContextConfiguration@17095173 testClass = ProfileControllerTest, locations = '{}', classes = '{class com.jojoldu.book.springboot.Application}', contextInitializerClasses = '[]', activeProfiles = '{}', propertySourceLocations = '{}', propertySourceProperties = '{org.springframework.boot.test.context.SpringBootTestContextBootstrapper=true, server.port=0}', contextCustomizers = set[org.springframework.boot.test.autoconfigure.properties.PropertyMappingContextCustomizer@0, org.springframework.boot.test.autoconfigure.web.servlet.WebDriverContextCustomizerFactory$Customizer@7bc64a2d, org.springframework.boot.test.context.filter.ExcludeFilterContextCustomizer@53c6083c, org.springframework.boot.test.json.DuplicateJsonObjectContextCustomizerFactory$DuplicateJsonObjectContextCustomizer@64878949, org.springframework.boot.test.mock.mockito.MockitoContextCustomizer@0, org.springframework.boot.test.web.client.TestRestTemplateContextCustomizer@3238f99d], resourceBasePath = 'src/main/webapp', contextLoader = 'org.springframework.boot.test.context.SpringBootContextLoader', parent = [null]], attributes = map['org.springframework.test.context.web.ServletTestExecutionListener.activateListener' -> false]], class annotated with @DirtiesContext [false] with mode [null].
11:57:11.208 [Test worker] DEBUG org.springframework.test.annotation.ProfileValueUtils - Retrieved @ProfileValueSourceConfiguration [null] for test class [com.jojoldu.book.springboot.web.ProfileControllerTest]
11:57:11.208 [Test worker] DEBUG org.springframework.test.annotation.ProfileValueUtils - Retrieved ProfileValueSource type [class org.springframework.test.annotation.SystemProfileValueSource] for class [com.jojoldu.book.springboot.web.ProfileControllerTest]
11:57:11.217 [Test worker] DEBUG org.springframework.test.context.support.DependencyInjectionTestExecutionListener - Performing dependency injection for test context [[DefaultTestContext@46a283c0 testClass = ProfileControllerTest, testInstance = com.jojoldu.book.springboot.web.ProfileControllerTest@46bd9dd, testMethod = [null], testException = [null], mergedContextConfiguration = [WebMergedContextConfiguration@17095173 testClass = ProfileControllerTest, locations = '{}', classes = '{class com.jojoldu.book.springboot.Application}', contextInitializerClasses = '[]', activeProfiles = '{}', propertySourceLocations = '{}', propertySourceProperties = '{org.springframework.boot.test.context.SpringBootTestContextBootstrapper=true, server.port=0}', contextCustomizers = set[org.springframework.boot.test.autoconfigure.properties.PropertyMappingContextCustomizer@0, org.springframework.boot.test.autoconfigure.web.servlet.WebDriverContextCustomizerFactory$Customizer@7bc64a2d, org.springframework.boot.test.context.filter.ExcludeFilterContextCustomizer@53c6083c, org.springframework.boot.test.json.DuplicateJsonObjectContextCustomizerFactory$DuplicateJsonObjectContextCustomizer@64878949, org.springframework.boot.test.mock.mockito.MockitoContextCustomizer@0, org.springframework.boot.test.web.client.TestRestTemplateContextCustomizer@3238f99d], resourceBasePath = 'src/main/webapp', contextLoader = 'org.springframework.boot.test.context.SpringBootContextLoader', parent = [null]], attributes = map['org.springframework.test.context.web.ServletTestExecutionListener.activateListener' -> false]]].
11:57:11.254 [Test worker] DEBUG org.springframework.test.context.support.TestPropertySourceUtils - Adding inlined properties to environment: {spring.jmx.enabled=false, org.springframework.boot.test.context.SpringBootTestContextBootstrapper=true, server.port=0}

  .   ____          _            __ _ _
 /\\ / ___'_ __ _ _(_)_ __  __ _ \ \ \ \
( ( )\___ | '_ | '_| | '_ \/ _` | \ \ \ \
 \\/  ___)| |_)| | | | | || (_| |  ) ) ) )
  '  |____| .__|_| |_|_| |_\__, | / / / /
 =========|_|==============|___/=/_/_/_/
 :: Spring Boot ::        (v2.1.9.RELEASE)

2020-01-31 11:57:11.912  INFO 71347 --- [    Test worker] c.j.b.s.web.ProfileControllerTest        : Starting ProfileControllerTest on odongjin-ui-MacBook-Pro.local with PID 71347 (started by odongjin in /Users/odongjin/webservice/freelec-springboot2-webservice)
2020-01-31 11:57:11.915  INFO 71347 --- [    Test worker] c.j.b.s.web.ProfileControllerTest        : No active profile set, falling back to default profiles: default
2020-01-31 11:57:13.388  INFO 71347 --- [    Test worker] .s.d.r.c.RepositoryConfigurationDelegate : Bootstrapping Spring Data repositories in DEFAULT mode.
2020-01-31 11:57:13.538  INFO 71347 --- [    Test worker] .s.d.r.c.RepositoryConfigurationDelegate : Finished Spring Data repository scanning in 133ms. Found 2 repository interfaces.
2020-01-31 11:57:14.438  INFO 71347 --- [    Test worker] trationDelegate$BeanPostProcessorChecker : Bean 'org.springframework.transaction.annotation.ProxyTransactionManagementConfiguration' of type [org.springframework.transaction.annotation.ProxyTransactionManagementConfiguration$$EnhancerBySpringCGLIB$$12e0e8d6] is not eligible for getting processed by all BeanPostProcessors (for example: not eligible for auto-proxying)
2020-01-31 11:57:15.172  INFO 71347 --- [    Test worker] o.s.b.w.embedded.tomcat.TomcatWebServer  : Tomcat initialized with port(s): 0 (http)
2020-01-31 11:57:15.219  INFO 71347 --- [    Test worker] o.apache.catalina.core.StandardService   : Starting service [Tomcat]
2020-01-31 11:57:15.220  INFO 71347 --- [    Test worker] org.apache.catalina.core.StandardEngine  : Starting Servlet engine: [Apache Tomcat/9.0.26]
2020-01-31 11:57:15.436  INFO 71347 --- [    Test worker] o.a.c.c.C.[Tomcat].[localhost].[/]       : Initializing Spring embedded WebApplicationContext
2020-01-31 11:57:15.437  INFO 71347 --- [    Test worker] o.s.web.context.ContextLoader            : Root WebApplicationContext: initialization completed in 3486 ms
2020-01-31 11:57:15.942  INFO 71347 --- [    Test worker] com.zaxxer.hikari.HikariDataSource       : HikariPool-1 - Starting...
2020-01-31 11:57:16.337  INFO 71347 --- [    Test worker] com.zaxxer.hikari.HikariDataSource       : HikariPool-1 - Start completed.
2020-01-31 11:57:16.554  INFO 71347 --- [    Test worker] o.hibernate.jpa.internal.util.LogHelper  : HHH000204: Processing PersistenceUnitInfo [
	name: default
	...]
2020-01-31 11:57:16.691  INFO 71347 --- [    Test worker] org.hibernate.Version                    : HHH000412: Hibernate Core {5.3.12.Final}
2020-01-31 11:57:16.694  INFO 71347 --- [    Test worker] org.hibernate.cfg.Environment            : HHH000206: hibernate.properties not found
2020-01-31 11:57:17.080  INFO 71347 --- [    Test worker] o.hibernate.annotations.common.Version   : HCANN000001: Hibernate Commons Annotations {5.0.4.Final}
2020-01-31 11:57:17.457  INFO 71347 --- [    Test worker] org.hibernate.dialect.Dialect            : HHH000400: Using dialect: org.hibernate.dialect.MySQL5InnoDBDialect
Hibernate: drop table if exists posts
Hibernate: drop table if exists user
Hibernate: create table posts (id bigint not null auto_increment, created_date datetime, modified_date datetime, author varchar(255), content TEXT not null, title varchar(500) not null, primary key (id)) engine=InnoDB
Hibernate: create table user (id bigint not null auto_increment, created_date datetime, modified_date datetime, email varchar(255) not null, name varchar(255) not null, picture varchar(255), role varchar(255) not null, primary key (id)) engine=InnoDB
2020-01-31 11:57:18.801  INFO 71347 --- [    Test worker] o.h.t.schema.internal.SchemaCreatorImpl  : HHH000476: Executing import script 'org.hibernate.tool.schema.internal.exec.ScriptSourceInputNonExistentImpl@6afbb575'
2020-01-31 11:57:18.807  INFO 71347 --- [    Test worker] j.LocalContainerEntityManagerFactoryBean : Initialized JPA EntityManagerFactory for persistence unit 'default'
2020-01-31 11:57:20.405  INFO 71347 --- [    Test worker] o.h.h.i.QueryTranslatorFactoryInitiator  : HHH000397: Using ASTQueryTranslatorFactory
2020-01-31 11:57:21.278  INFO 71347 --- [    Test worker] o.s.s.web.DefaultSecurityFilterChain     : Creating filter chain: any request, [org.springframework.security.web.context.request.async.WebAsyncManagerIntegrationFilter@2339c6ac, org.springframework.security.web.context.SecurityContextPersistenceFilter@250fbafb, org.springframework.security.web.header.HeaderWriterFilter@1614cec0, org.springframework.security.web.authentication.logout.LogoutFilter@376eb5d4, org.springframework.security.oauth2.client.web.OAuth2AuthorizationRequestRedirectFilter@f475ce, org.springframework.security.oauth2.client.web.OAuth2LoginAuthenticationFilter@24e430e5, org.springframework.security.web.authentication.ui.DefaultLoginPageGeneratingFilter@21da836c, org.springframework.security.web.authentication.ui.DefaultLogoutPageGeneratingFilter@222cf888, org.springframework.security.web.savedrequest.RequestCacheAwareFilter@719ea07b, org.springframework.security.web.servletapi.SecurityContextHolderAwareRequestFilter@27441f6, org.springframework.security.web.authentication.AnonymousAuthenticationFilter@53dd4fcd, org.springframework.security.web.session.SessionManagementFilter@75038af3, org.springframework.security.web.access.ExceptionTranslationFilter@8f42241, org.springframework.security.web.access.intercept.FilterSecurityInterceptor@7ebafb3d]
2020-01-31 11:57:22.050  INFO 71347 --- [    Test worker] o.s.s.concurrent.ThreadPoolTaskExecutor  : Initializing ExecutorService 'applicationTaskExecutor'
2020-01-31 11:57:22.188  WARN 71347 --- [    Test worker] aWebConfiguration$JpaWebMvcConfiguration : spring.jpa.open-in-view is enabled by default. Therefore, database queries may be performed during view rendering. Explicitly configure spring.jpa.open-in-view to disable this warning
2020-01-31 11:57:22.334  INFO 71347 --- [    Test worker] o.s.b.a.w.s.WelcomePageHandlerMapping    : Adding welcome page template: index
2020-01-31 11:57:22.958  INFO 71347 --- [    Test worker] s.a.ScheduledAnnotationBeanPostProcessor : No TaskScheduler/ScheduledExecutorService bean found for scheduled processing
2020-01-31 11:57:23.015  INFO 71347 --- [    Test worker] o.s.b.w.embedded.tomcat.TomcatWebServer  : Tomcat started on port(s): 53426 (http) with context path ''
2020-01-31 11:57:23.021  INFO 71347 --- [    Test worker] c.j.b.s.web.ProfileControllerTest        : Started ProfileControllerTest in 11.762 seconds (JVM running for 13.545)
2020-01-31 11:57:23.354  INFO 71347 --- [o-auto-1-exec-2] o.a.c.c.C.[Tomcat].[localhost].[/]       : Initializing Spring DispatcherServlet 'dispatcherServlet'
2020-01-31 11:57:23.354  INFO 71347 --- [o-auto-1-exec-2] o.s.web.servlet.DispatcherServlet        : Initializing Servlet 'dispatcherServlet'
2020-01-31 11:57:23.397  INFO 71347 --- [o-auto-1-exec-2] o.s.web.servlet.DispatcherServlet        : Completed initialization in 42 ms
]]></system-out>
  <system-err><![CDATA[]]></system-err>
</testsuite>
